<?xml version="1.0" encoding="UTF-8"?>
<testsuite xmlns:xsi="http://www.w3.org/2001/XMLSchema-instance" xsi:noNamespaceSchemaLocation="https://maven.apache.org/surefire/maven-surefire-plugin/xsd/surefire-test-report-3.0.xsd" version="3.0" name="app.MainTest" time="0.123" tests="4" errors="0" skipped="0" failures="0">
  <properties>
    <property name="java.specification.version" value="21"/>
    <property name="sun.jnu.encoding" value="UTF-8"/>
    <property name="java.class.path" value="/home/igor/DEV/JAVA/Java_Basic_Hillel/target/test-classes:/home/igor/DEV/JAVA/Java_Basic_Hillel/target/classes:/home/igor/.m2/repository/junit/junit/4.13.2/junit-4.13.2.jar:/home/igor/.m2/repository/org/hamcrest/hamcrest-core/1.3/hamcrest-core-1.3.jar:"/>
    <property name="java.vm.vendor" value="Oracle Corporation"/>
    <property name="sun.arch.data.model" value="64"/>
    <property name="java.vendor.url" value="https://openjdk.org/"/>
    <property name="os.name" value="Linux"/>
    <property name="java.vm.specification.version" value="21"/>
    <property name="sun.java.launcher" value="SUN_STANDARD"/>
    <property name="user.country" value="UA"/>
    <property name="sun.boot.library.path" value="/usr/lib/jvm/java-21-openjdk/lib"/>
    <property name="sun.java.command" value="/home/igor/DEV/JAVA/Java_Basic_Hillel/target/surefire/surefirebooter-20240607212117773_3.jar /home/igor/DEV/JAVA/Java_Basic_Hillel/target/surefire 2024-06-07T21-21-17_640-jvmRun1 surefire-20240607212117773_1tmp surefire_0-20240607212117773_2tmp"/>
    <property name="jdk.debug" value="release"/>
    <property name="surefire.test.class.path" value="/home/igor/DEV/JAVA/Java_Basic_Hillel/target/test-classes:/home/igor/DEV/JAVA/Java_Basic_Hillel/target/classes:/home/igor/.m2/repository/junit/junit/4.13.2/junit-4.13.2.jar:/home/igor/.m2/repository/org/hamcrest/hamcrest-core/1.3/hamcrest-core-1.3.jar:"/>
    <property name="sun.cpu.endian" value="little"/>
    <property name="user.home" value="/home/igor"/>
    <property name="user.language" value="ru"/>
    <property name="java.specification.vendor" value="Oracle Corporation"/>
    <property name="java.version.date" value="2024-04-16"/>
    <property name="java.home" value="/usr/lib/jvm/java-21-openjdk"/>
    <property name="file.separator" value="/"/>
    <property name="basedir" value="/home/igor/DEV/JAVA/Java_Basic_Hillel"/>
    <property name="java.vm.compressedOopsMode" value="Zero based"/>
    <property name="line.separator" value="&#10;"/>
    <property name="java.specification.name" value="Java Platform API Specification"/>
    <property name="java.vm.specification.vendor" value="Oracle Corporation"/>
    <property name="surefire.real.class.path" value="/home/igor/DEV/JAVA/Java_Basic_Hillel/target/surefire/surefirebooter-20240607212117773_3.jar"/>
    <property name="sun.management.compiler" value="HotSpot 64-Bit Tiered Compilers"/>
    <property name="java.runtime.version" value="21.0.3+9"/>
    <property name="user.name" value="igor"/>
    <property name="stdout.encoding" value="UTF-8"/>
    <property name="path.separator" value=":"/>
    <property name="os.version" value="6.9.2-1-MANJARO"/>
    <property name="java.runtime.name" value="OpenJDK Runtime Environment"/>
    <property name="file.encoding" value="UTF-8"/>
    <property name="java.vm.name" value="OpenJDK 64-Bit Server VM"/>
    <property name="localRepository" value="/home/igor/.m2/repository"/>
    <property name="java.vendor.url.bug" value="https://bugreport.java.com/bugreport/"/>
    <property name="java.io.tmpdir" value="/tmp"/>
    <property name="java.version" value="21.0.3"/>
    <property name="user.dir" value="/home/igor/DEV/JAVA/Java_Basic_Hillel"/>
    <property name="os.arch" value="amd64"/>
    <property name="java.vm.specification.name" value="Java Virtual Machine Specification"/>
    <property name="native.encoding" value="UTF-8"/>
    <property name="java.library.path" value="/usr/java/packages/lib:/usr/lib64:/lib64:/lib:/usr/lib"/>
    <property name="java.vm.info" value="mixed mode, sharing"/>
    <property name="stderr.encoding" value="UTF-8"/>
    <property name="java.vendor" value="N/A"/>
    <property name="java.vm.version" value="21.0.3+9"/>
    <property name="sun.io.unicode.encoding" value="UnicodeLittle"/>
    <property name="java.class.version" value="65.0"/>
  </properties>
  <testcase name="logicDivisionTest" classname="app.MainTest" time="0.033"/>
  <testcase name="logicMultiplicationTest" classname="app.MainTest" time="0.0"/>
  <testcase name="logicAdditionTest" classname="app.MainTest" time="0.0"/>
  <testcase name="logicSubtractionTest" classname="app.MainTest" time="0.0"/>
</testsuite>